<?xml version="1.0" encoding="UTF-8"?>
<!-- Generated by org.testng.reporters.JUnitXMLReporter -->
<testsuite hostname="Rahul-Dell-PC" name="Default test" tests="3" failures="0" timestamp="14 Mar 2020 02:54:21 GMT" time="40.036" errors="0">
  <testcase name="LoginPage" time="14.739" classname="testClasses.TestDataProvider"/>
  <testcase name="LoginPage" time="12.694" classname="testClasses.TestDataProvider"/>
  <testcase name="LoginPage" time="12.556" classname="testClasses.TestDataProvider"/>
</testsuite> <!-- Default test -->
