<?xml version="1.0" encoding="UTF-8"?>
<testng-results skipped="0" failed="0" total="1" passed="1">
  <reporter-output>
  </reporter-output>
  <suite name="Default suite" duration-ms="12245" started-at="2020-03-17T01:46:15Z" finished-at="2020-03-17T01:46:27Z">
    <groups>
    </groups>
    <test name="Default test" duration-ms="12245" started-at="2020-03-17T01:46:15Z" finished-at="2020-03-17T01:46:27Z">
      <class name="testClasses.PrintDataFromTable">
        <test-method status="PASS" signature="setup()[pri:0, instance:testClasses.PrintDataFromTable@6d8a00e3]" name="setup" is-config="true" duration-ms="6137" started-at="2020-03-16T18:46:09Z" finished-at="2020-03-16T18:46:15Z">
          <reporter-output>
          </reporter-output>
        </test-method> <!-- setup -->
        <test-method status="PASS" signature="tableData()[pri:0, instance:testClasses.PrintDataFromTable@6d8a00e3]" name="tableData" duration-ms="12235" started-at="2020-03-16T18:46:15Z" finished-at="2020-03-16T18:46:27Z">
          <reporter-output>
          </reporter-output>
        </test-method> <!-- tableData -->
        <test-method status="PASS" signature="close()[pri:0, instance:testClasses.PrintDataFromTable@6d8a00e3]" name="close" is-config="true" duration-ms="4678" started-at="2020-03-16T18:46:27Z" finished-at="2020-03-16T18:46:32Z">
          <reporter-output>
          </reporter-output>
        </test-method> <!-- close -->
      </class> <!-- testClasses.PrintDataFromTable -->
    </test> <!-- Default test -->
  </suite> <!-- Default suite -->
</testng-results>
